<?xml version="1.0" encoding="UTF-8"?>
<!-- Generated by org.testng.reporters.JUnitXMLReporter -->
<testsuite hostname="RAJA-PC" ignored="0" name="Default test" tests="8" failures="0" timestamp="29 May 2023 05:07:30 GMT" time="100.973" errors="0">
  <testcase name="LoginPoj" time="41.597" classname="org.search.Product"/>
  <testcase name="addState" time="4.251" classname="org.search.Product"/>
  <testcase name="addCity" time="18.856" classname="org.search.Product"/>
  <testcase name="addUserAddress" time="17.469" classname="org.search.Product"/>
  <testcase name="addUpdate" time="6.357" classname="org.search.Product"/>
  <testcase name="addressGet" time="3.141" classname="org.search.Product"/>
  <testcase name="deleteUser" time="4.595" classname="org.search.Product"/>
  <testcase name="productSearch" time="4.013" classname="org.search.Product"/>
</testsuite> <!-- Default test -->
